<?xml version="1.0" encoding="UTF-8"?>
<!-- Generated by org.testng.reporters.JUnitReportReporter -->
<testsuite name="runner.RunCuke" tests="1" time="29.883" ignored="0" failures="0" timestamp="26 Feb 2019 09:11:47 GMT" skipped="0" hostname="LAPTOP-CSF2BJOF" errors="0">
  <testcase name="feature" time="29.883" classname="runner.RunCuke"/>
</testsuite> <!-- runner.RunCuke -->
